Unity Editor version:    2022.2.1f1 (4fead5835099)
Branch:                  2022.2/release
Build type:              Release
Batch mode:              YES
macOS version:           Version 13.3.1 (a) (Build 22E772610a)
Darwin version:          22.4.0
Architecture:            arm64
Running under Rosetta:   NO
Available memory:        16384 MB
Using pre-set license
Pro License: YES

COMMAND LINE ARGUMENTS:
/Applications/Unity/Hub/Editor/2022.2.1f1/Unity.app/Contents/MacOS/Unity
-adb2
-batchMode
-noUpm
-name
AssetImportWorker2
-projectPath
/Users/asgardsystems/Documents/GitHub/Zombie_Runner_Project
-logFile
Logs/AssetImportWorker2.log
-srvPort
56816
Successfully changed project path to: /Users/asgardsystems/Documents/GitHub/Zombie_Runner_Project
/Users/asgardsystems/Documents/GitHub/Zombie_Runner_Project
[UnityMemory] Configuration Parameters - Can be set up in boot.config
    "memorysetup-bucket-allocator-granularity=16"
    "memorysetup-bucket-allocator-bucket-count=8"
    "memorysetup-bucket-allocator-block-size=33554432"
    "memorysetup-bucket-allocator-block-count=8"
    "memorysetup-main-allocator-block-size=16777216"
    "memorysetup-thread-allocator-block-size=16777216"
    "memorysetup-gfx-main-allocator-block-size=16777216"
    "memorysetup-gfx-thread-allocator-block-size=16777216"
    "memorysetup-cache-allocator-block-size=4194304"
    "memorysetup-typetree-allocator-block-size=2097152"
    "memorysetup-profiler-bucket-allocator-granularity=16"
    "memorysetup-profiler-bucket-allocator-bucket-count=8"
    "memorysetup-profiler-bucket-allocator-block-size=33554432"
    "memorysetup-profiler-bucket-allocator-block-count=8"
    "memorysetup-profiler-allocator-block-size=16777216"
    "memorysetup-profiler-editor-allocator-block-size=1048576"
    "memorysetup-temp-allocator-size-main=16777216"
    "memorysetup-job-temp-allocator-block-size=2097152"
    "memorysetup-job-temp-allocator-block-size-background=1048576"
    "memorysetup-job-temp-allocator-reduction-small-platforms=262144"
    "memorysetup-temp-allocator-size-background-worker=32768"
    "memorysetup-temp-allocator-size-job-worker=262144"
    "memorysetup-temp-allocator-size-preload-manager=33554432"
    "memorysetup-temp-allocator-size-nav-mesh-worker=65536"
    "memorysetup-temp-allocator-size-audio-worker=65536"
    "memorysetup-temp-allocator-size-cloud-worker=32768"
    "memorysetup-temp-allocator-size-gi-baking-worker=262144"
    "memorysetup-temp-allocator-size-gfx=262144"
Player connection [8428526400] Host "[IP] 10.100.102.174 [Port] 0 [Flags] 2 [Guid] 3943091813 [EditorId] 3943091813 [Version] 1048832 [Id] OSXEditor(0,Asgards-MacBook-Pro.local) [Debug] 1 [PackageName] OSXEditor [ProjectName] Editor" joined multi-casting on [225.0.0.222:54997]...

Player connection [8428526400] Host "[IP] 10.100.102.174 [Port] 0 [Flags] 2 [Guid] 3943091813 [EditorId] 3943091813 [Version] 1048832 [Id] OSXEditor(0,Asgards-MacBook-Pro.local) [Debug] 1 [PackageName] OSXEditor [ProjectName] Editor" joined alternative multi-casting on [225.0.0.222:34997]...

Refreshing native plugins compatible for Editor in 22.16 ms, found 2 plugins.
Preloading 0 native plugins for Editor in 0.00 ms.
Initialize engine version: 2022.2.1f1 (4fead5835099)
[Subsystems] Discovering subsystems at path /Applications/Unity/Hub/Editor/2022.2.1f1/Unity.app/Contents/Resources/UnitySubsystems
[Subsystems] Discovering subsystems at path /Users/asgardsystems/Documents/GitHub/Zombie_Runner_Project/Assets
GfxDevice: creating device client; threaded=0; jobified=0
 preferred device: Apple M1 Pro (high power)
Metal devices available: 1
0: Apple M1 Pro (high power)
Using device Apple M1 Pro (high power)
Initializing Metal device caps: Apple M1 Pro
Initialize mono
Mono path[0] = '/Applications/Unity/Hub/Editor/2022.2.1f1/Unity.app/Contents/Managed'
Mono path[1] = '/Applications/Unity/Hub/Editor/2022.2.1f1/Unity.app/Contents/MonoBleedingEdge/lib/mono/unityjit-macos'
Mono config path = '/Applications/Unity/Hub/Editor/2022.2.1f1/Unity.app/Contents/MonoBleedingEdge/etc'
Using monoOptions --debugger-agent=transport=dt_socket,embedding=1,server=y,suspend=n,address=127.0.0.1:56628
Begin MonoManager ReloadAssembly
Registering precompiled unity dll's ...
Register platform support module: /Applications/Unity/Hub/Editor/2022.2.1f1/Unity.app/Contents/PlaybackEngines/MacStandaloneSupport/UnityEditor.OSXStandalone.Extensions.dll
Register platform support module: /Applications/Unity/Hub/Editor/2022.2.1f1/PlaybackEngines/iOSSupport/UnityEditor.iOS.Extensions.dll
Register platform support module: /Applications/Unity/Hub/Editor/2022.2.1f1/PlaybackEngines/WindowsStandaloneSupport/UnityEditor.WindowsStandalone.Extensions.dll
Registered in 0.003978 seconds.
- Loaded All Assemblies, in  0.239 seconds
Native extension for WindowsStandalone target not found
[usbmuxd] Start listen thread
[usbmuxd] Listen thread started
[usbmuxd] Send listen message
Native extension for iOS target not found
Native extension for OSXStandalone target not found
Mono: successfully reloaded assembly
- Finished resetting the current domain, in  0.210 seconds
Domain Reload Profiling:
	ReloadAssembly (135ms)
		BeginReloadAssembly (55ms)
			ExecutionOrderSort (0ms)
			DisableScriptedObjects (0ms)
			BackupInstance (0ms)
			ReleaseScriptingObjects (0ms)
			CreateAndSetChildDomain (0ms)
		LoadAllAssembliesAndSetupDomain (0ms)
			LoadAssemblies (56ms)
			RebuildTransferFunctionScriptingTraits (0ms)
			SetupTypeCache (102ms)
				TypeCache.Initialize (101ms)
					TypeCache.ScanAssembly (100ms)
				ResolveRequiredComponents (0ms)
		FinalizeReload (0ms)
			ReleaseScriptCaches (0ms)
			RebuildScriptCaches (0ms)
			SetupLoadedEditorAssemblies (167ms)
				LogAssemblyErrors (0ms)
				InitializePlatformSupportModulesInManaged (57ms)
				SetLoadedEditorAssemblies (4ms)
				RefreshPlugins (0ms)
				BeforeProcessingInitializeOnLoad (1ms)
				ProcessInitializeOnLoadAttributes (79ms)
				ProcessInitializeOnLoadMethodAttributes (27ms)
				AfterProcessingInitializeOnLoad (0ms)
				EditorAssembliesLoaded (0ms)
			ExecutionOrderSort2 (0ms)
			AwakeInstancesAfterBackupRestoration (0ms)
========================================================================
Worker process is ready to serve import requests
Begin MonoManager ReloadAssembly
- Loaded All Assemblies, in  0.402 seconds
Refreshing native plugins compatible for Editor in 3.17 ms, found 2 plugins.
Native extension for WindowsStandalone target not found
Native extension for iOS target not found
Native extension for OSXStandalone target not found
Package Manager log level set to [2]
[Package Manager] Server::EnsureServerProcessIsRunning -- launch failed, reason: Unity was launched with the -noUpm command-line argument
[Package Manager] UpmClient::Send -- Unable to send message (not connected to UPM process).
[Package Manager] Cannot connect to Unity Package Manager local server
[Package Manager] Server::EnsureServerProcessIsRunning -- launch failed, reason: Unity was launched with the -noUpm command-line argument
[Package Manager] UpmClient::Send -- Unable to send message (not connected to UPM process).
[Package Manager] Cannot connect to Unity Package Manager local server
Mono: successfully reloaded assembly
- Finished resetting the current domain, in  0.455 seconds
Domain Reload Profiling:
	ReloadAssembly (132ms)
		BeginReloadAssembly (65ms)
			ExecutionOrderSort (0ms)
			DisableScriptedObjects (3ms)
			BackupInstance (0ms)
			ReleaseScriptingObjects (0ms)
			CreateAndSetChildDomain (16ms)
		LoadAllAssembliesAndSetupDomain (270ms)
			LoadAssemblies (56ms)
			RebuildTransferFunctionScriptingTraits (0ms)
			SetupTypeCache (234ms)
				TypeCache.Initialize (171ms)
					TypeCache.ScanAssembly (169ms)
				ResolveRequiredComponents (4ms)
		FinalizeReload (0ms)
			ReleaseScriptCaches (0ms)
			RebuildScriptCaches (0ms)
			SetupLoadedEditorAssemblies (339ms)
				LogAssemblyErrors (0ms)
				InitializePlatformSupportModulesInManaged (15ms)
				SetLoadedEditorAssemblies (6ms)
				RefreshPlugins (0ms)
				BeforeProcessingInitializeOnLoad (49ms)
				ProcessInitializeOnLoadAttributes (177ms)
				ProcessInitializeOnLoadMethodAttributes (91ms)
				AfterProcessingInitializeOnLoad (1ms)
				EditorAssembliesLoaded (0ms)
			ExecutionOrderSort2 (0ms)
			AwakeInstancesAfterBackupRestoration (2ms)
Launching external process: /Applications/Unity/Hub/Editor/2022.2.1f1/Unity.app/Contents/Tools/UnityShaderCompiler
Launched and connected shader compiler UnityShaderCompiler after 0.05 seconds
Refreshing native plugins compatible for Editor in 2.87 ms, found 2 plugins.
Preloading 0 native plugins for Editor in 0.00 ms.
Unloading 3051 Unused Serialized files (Serialized files now loaded: 0)
Unloading 72 unused Assets / (498.0 KB). Loaded Objects now: 3631.
Memory consumption went from 499.9 MB to 499.4 MB.
Total: 5.812583 ms (FindLiveObjects: 0.134375 ms CreateObjectMapping: 0.038042 ms MarkObjects: 5.321833 ms  DeleteObjects: 0.317291 ms)

AssetImportParameters requested are different than current active one (requested -> active):
  custom:video-decoder-webm-vp8: 9c59270c3fd7afecdb556c50c9e8de78 -> 
  custom:container-demuxer-ogg: 62fdf1f143b41e24485cea50d1cbac27 -> 
  custom:AudioImporter_EditorPlatform: 3918e3fc78b5a79bad01e8451be0beb8 -> 
  custom:video-decoder-ogg-theora: a1e56fd34408186e4bbccfd4996cb3dc -> 
  custom:framework-osx-AVFoundation: e770b220cccbd017edd2c1fefb359320 -> 
  custom:video-encoder-webm-vp8: eb34c28f22e8b96e1ab97ce403110664 -> 
  custom:audio-decoder-ogg-vorbis: bf7c407c2cedff20999df2af8eb42d56 -> 
  custom:container-demuxer-webm: 4f35f7cbe854078d1ac9338744f61a02 -> 
  custom:audio-encoder-webm-vorbis: bf7c407c2cedff20999df2af8eb42d56 -> 
  custom:container-muxer-webm: aa71ff27fc2769a1b78a27578f13a17b -> 
========================================================================
Received Import Request.
  Time since last request: 130066.586345 seconds.
  path: Assets/Asset Packs/Standard Assets
  artifactKey: Guid(c6195a43a0187a34e9c6be23520d3766) Importer(815301076,1909f56bfc062723c751e8b465ee728b)
Number of updated assets reloaded before import = 0
Start importing Assets/Asset Packs/Standard Assets using Guid(c6195a43a0187a34e9c6be23520d3766) Importer(815301076,1909f56bfc062723c751e8b465ee728b)  -> (artifact id: '31f742984ebbc3c36d0f9723ca08c61d') in 0.002315 seconds 
Number of asset objects unloaded after import = 0
========================================================================
Received Import Request.
  Time since last request: 4.013402 seconds.
  path: Assets/Asset Packs/Zombie
  artifactKey: Guid(3c3fc4abc5a2fb748b6b9abbbfd61c21) Importer(815301076,1909f56bfc062723c751e8b465ee728b)
Number of updated assets reloaded before import = 0
Start importing Assets/Asset Packs/Zombie using Guid(3c3fc4abc5a2fb748b6b9abbbfd61c21) Importer(815301076,1909f56bfc062723c751e8b465ee728b)  -> (artifact id: '7dbb6548e47f4f6a1649165bccec2f8f') in 0.001377 seconds 
Number of asset objects unloaded after import = 0
========================================================================
Received Import Request.
  Time since last request: 2.629090 seconds.
  path: Assets/Asset Packs/Zombie/ModelFBX
  artifactKey: Guid(0a94794f81a148d4bafc91afd8143a05) Importer(815301076,1909f56bfc062723c751e8b465ee728b)
Number of updated assets reloaded before import = 0
Start importing Assets/Asset Packs/Zombie/ModelFBX using Guid(0a94794f81a148d4bafc91afd8143a05) Importer(815301076,1909f56bfc062723c751e8b465ee728b)  -> (artifact id: '09ab654017e9069ad00eaeccf814a975') in 0.001708 seconds 
Number of asset objects unloaded after import = 0
========================================================================
Received Import Request.
  Time since last request: 0.104048 seconds.
  path: Assets/Asset Packs/Zombie/ModelFBX/Zombie.FBX
  artifactKey: Guid(fe2eb0b4e90413643a3ddc78c368140f) Importer(815301076,1909f56bfc062723c751e8b465ee728b)
Number of updated assets reloaded before import = 0
Start importing Assets/Asset Packs/Zombie/ModelFBX/Zombie.FBX using Guid(fe2eb0b4e90413643a3ddc78c368140f) Importer(815301076,1909f56bfc062723c751e8b465ee728b)  -> (artifact id: '4ac7a8866f31808f6d1e3e63d62b026f') in 0.428504 seconds 
Number of asset objects unloaded after import = 127
========================================================================
Received Import Request.
  Time since last request: 2.153864 seconds.
  path: Assets/Asset Packs/Zombie/Prefabs
  artifactKey: Guid(4cd35e3077ada7240bc06e639de46208) Importer(815301076,1909f56bfc062723c751e8b465ee728b)
Number of updated assets reloaded before import = 0
Start importing Assets/Asset Packs/Zombie/Prefabs using Guid(4cd35e3077ada7240bc06e639de46208) Importer(815301076,1909f56bfc062723c751e8b465ee728b)  -> (artifact id: 'b18152afd22ad1e6495fc9f3e5773ce2') in 0.002093 seconds 
Number of asset objects unloaded after import = 0
========================================================================
Received Import Request.
  Time since last request: 0.693863 seconds.
  path: Assets/Asset Packs/Zombie/Materials
  artifactKey: Guid(85d4be6a212540446b84623200f10550) Importer(815301076,1909f56bfc062723c751e8b465ee728b)
Number of updated assets reloaded before import = 0
Start importing Assets/Asset Packs/Zombie/Materials using Guid(85d4be6a212540446b84623200f10550) Importer(815301076,1909f56bfc062723c751e8b465ee728b)  -> (artifact id: '92eeac2aea40727ba07ea4617192f3af') in 0.001250 seconds 
Number of asset objects unloaded after import = 0
========================================================================
Received Import Request.
  Time since last request: 0.599121 seconds.
  path: Assets/Asset Packs/Zombie/demo.unity
  artifactKey: Guid(51c2b7bc917069942a0ac4a10bcabf01) Importer(815301076,1909f56bfc062723c751e8b465ee728b)
Number of updated assets reloaded before import = 0
Start importing Assets/Asset Packs/Zombie/demo.unity using Guid(51c2b7bc917069942a0ac4a10bcabf01) Importer(815301076,1909f56bfc062723c751e8b465ee728b)  -> (artifact id: '1a643922aa09867825c346a0339cdc4a') in 0.001611 seconds 
Number of asset objects unloaded after import = 0
========================================================================
Received Import Request.
  Time since last request: 0.314174 seconds.
  path: Assets/Asset Packs/Zombie/Animations
  artifactKey: Guid(20319693feea5f54e92da228a2b84782) Importer(815301076,1909f56bfc062723c751e8b465ee728b)
Number of updated assets reloaded before import = 0
Start importing Assets/Asset Packs/Zombie/Animations using Guid(20319693feea5f54e92da228a2b84782) Importer(815301076,1909f56bfc062723c751e8b465ee728b)  -> (artifact id: '7998234f396695fdc756e6dcaf11e338') in 0.001641 seconds 
Number of asset objects unloaded after import = 0
========================================================================
Received Import Request.
  Time since last request: 0.205247 seconds.
  path: Assets/Asset Packs/Zombie/Animations/Zombie@attack.FBX
  artifactKey: Guid(3664e759213d0ba4e973427bbca518ea) Importer(815301076,1909f56bfc062723c751e8b465ee728b)
Number of updated assets reloaded before import = 0
Start importing Assets/Asset Packs/Zombie/Animations/Zombie@attack.FBX using Guid(3664e759213d0ba4e973427bbca518ea) Importer(815301076,1909f56bfc062723c751e8b465ee728b)  -> (artifact id: 'fbf45730663fa76001b54efd83628dee') in 0.110452 seconds 
Number of asset objects unloaded after import = 125
========================================================================
Received Import Request.
  Time since last request: 0.001353 seconds.
  path: Assets/Asset Packs/Zombie/Animations/Zombie@walk.FBX
  artifactKey: Guid(1deae1f7338c5e84e80e873129793a01) Importer(815301076,1909f56bfc062723c751e8b465ee728b)
Number of updated assets reloaded before import = 0
Start importing Assets/Asset Packs/Zombie/Animations/Zombie@walk.FBX using Guid(1deae1f7338c5e84e80e873129793a01) Importer(815301076,1909f56bfc062723c751e8b465ee728b)  -> (artifact id: '6f53fa6b2aa24d13dd98ff4362c88c0a') in 0.114484 seconds 
Number of asset objects unloaded after import = 125
========================================================================
Received Import Request.
  Time since last request: 403.939541 seconds.
  path: Assets/Container/container.fbx
  artifactKey: Guid(29a064010e21e4f46b0e4a95c5915d86) Importer(815301076,1909f56bfc062723c751e8b465ee728b)
Number of updated assets reloaded before import = 0
Start importing Assets/Container/container.fbx using Guid(29a064010e21e4f46b0e4a95c5915d86) Importer(815301076,1909f56bfc062723c751e8b465ee728b)  -> (artifact id: 'f4ba87b61069c258ee17e3954bbd3171') in 0.114747 seconds 
Number of asset objects unloaded after import = 14
========================================================================
Received Import Request.
  Time since last request: 0.000051 seconds.
  path: Assets/Container/container_S.tga
  artifactKey: Guid(09ddcef1a2c209542b4e923ab6848428) Importer(815301076,1909f56bfc062723c751e8b465ee728b)
Number of updated assets reloaded before import = 0
Start importing Assets/Container/container_S.tga using Guid(09ddcef1a2c209542b4e923ab6848428) Importer(815301076,1909f56bfc062723c751e8b465ee728b)  -> (artifact id: '2c4093dbcc09107a3e18f0f7ba7a6a85') in 0.653486 seconds 
Number of asset objects unloaded after import = 2
========================================================================
Received Import Request.
  Time since last request: 0.000038 seconds.
  path: Assets/Container/container_D.tga
  artifactKey: Guid(a906259e8f9f075498aca37ffb0790fb) Importer(815301076,1909f56bfc062723c751e8b465ee728b)
Number of updated assets reloaded before import = 0
Start importing Assets/Container/container_D.tga using Guid(a906259e8f9f075498aca37ffb0790fb) Importer(815301076,1909f56bfc062723c751e8b465ee728b)  -> (artifact id: 'ee59dc2c7b5238be5ec5d80f1e11c7e7') in 0.005459 seconds 
Number of asset objects unloaded after import = 2
========================================================================
Received Import Request.
  Time since last request: 18.832566 seconds.
  path: Assets/Scenes/Sandbox.unity
  artifactKey: Guid(9fc0d4010bbf28b4594072e72b8655ab) Importer(815301076,1909f56bfc062723c751e8b465ee728b)
Number of updated assets reloaded before import = 0
Start importing Assets/Scenes/Sandbox.unity using Guid(9fc0d4010bbf28b4594072e72b8655ab) Importer(815301076,1909f56bfc062723c751e8b465ee728b)  -> (artifact id: '437704c8de4961f9009f1ddf02b52e2a') in 0.000703 seconds 
Number of asset objects unloaded after import = 0
========================================================================
Received Import Request.
  Time since last request: 13.833805 seconds.
  path: Assets/Scenes/Asylum.unity
  artifactKey: Guid(8ecd08979d9a71346b5b9c72a695b586) Importer(815301076,1909f56bfc062723c751e8b465ee728b)
Number of updated assets reloaded before import = 0
Start importing Assets/Scenes/Asylum.unity using Guid(8ecd08979d9a71346b5b9c72a695b586) Importer(815301076,1909f56bfc062723c751e8b465ee728b)  -> (artifact id: 'ef7e7fe9c3320c5de3b1412eb40a8c2f') in 0.002397 seconds 
Number of asset objects unloaded after import = 0
========================================================================
Received Prepare
Refreshing native plugins compatible for Editor in 3.54 ms, found 2 plugins.
Preloading 0 native plugins for Editor in 0.00 ms.
Unloading 5 Unused Serialized files (Serialized files now loaded: 0)
Unloading 6 unused Assets / (439.7 KB). Loaded Objects now: 3646.
Memory consumption went from 317.2 MB to 316.7 MB.
Total: 6.806083 ms (FindLiveObjects: 0.177458 ms CreateObjectMapping: 0.080084 ms MarkObjects: 6.297083 ms  DeleteObjects: 0.250708 ms)

AssetImportParameters requested are different than current active one (requested -> active):
  custom:video-decoder-webm-vp8: 9c59270c3fd7afecdb556c50c9e8de78 -> 
  custom:container-demuxer-ogg: 62fdf1f143b41e24485cea50d1cbac27 -> 
  custom:AudioImporter_EditorPlatform: 3918e3fc78b5a79bad01e8451be0beb8 -> 
  custom:video-decoder-ogg-theora: a1e56fd34408186e4bbccfd4996cb3dc -> 
  custom:framework-osx-AVFoundation: e770b220cccbd017edd2c1fefb359320 -> 
  custom:video-encoder-webm-vp8: eb34c28f22e8b96e1ab97ce403110664 -> 
  custom:audio-decoder-ogg-vorbis: bf7c407c2cedff20999df2af8eb42d56 -> 
  custom:container-demuxer-webm: 4f35f7cbe854078d1ac9338744f61a02 -> 
  custom:audio-encoder-webm-vorbis: bf7c407c2cedff20999df2af8eb42d56 -> 
  custom:container-muxer-webm: aa71ff27fc2769a1b78a27578f13a17b -> 
========================================================================
Received Import Request.
  Time since last request: 103.869796 seconds.
  path: Assets/Scenes/Asylum.unity
  artifactKey: Guid(8ecd08979d9a71346b5b9c72a695b586) Importer(815301076,1909f56bfc062723c751e8b465ee728b)
Number of updated assets reloaded before import = 0
Start importing Assets/Scenes/Asylum.unity using Guid(8ecd08979d9a71346b5b9c72a695b586) Importer(815301076,1909f56bfc062723c751e8b465ee728b)  -> (artifact id: 'f7e2d9da57cb724778457c31b75f3e3a') in 0.001072 seconds 
Number of asset objects unloaded after import = 0
========================================================================
Received Prepare
Begin MonoManager ReloadAssembly
Thread 0x2b3787000 may have been prematurely finalized
- Loaded All Assemblies, in  0.380 seconds
Refreshing native plugins compatible for Editor in 3.10 ms, found 2 plugins.
Native extension for WindowsStandalone target not found
Native extension for iOS target not found
Native extension for OSXStandalone target not found
[Package Manager] Server::EnsureServerProcessIsRunning -- launch failed, reason: Unity was launched with the -noUpm command-line argument
[Package Manager] UpmClient::Send -- Unable to send message (not connected to UPM process).
[Package Manager] Cannot connect to Unity Package Manager local server
[Package Manager] Server::EnsureServerProcessIsRunning -- launch failed, reason: Unity was launched with the -noUpm command-line argument
[Package Manager] UpmClient::Send -- Unable to send message (not connected to UPM process).
[Package Manager] Cannot connect to Unity Package Manager local server
Mono: successfully reloaded assembly
- Finished resetting the current domain, in  0.608 seconds
Domain Reload Profiling:
	ReloadAssembly (142ms)
		BeginReloadAssembly (89ms)
			ExecutionOrderSort (0ms)
			DisableScriptedObjects (4ms)
			BackupInstance (0ms)
			ReleaseScriptingObjects (0ms)
			CreateAndSetChildDomain (37ms)
		LoadAllAssembliesAndSetupDomain (239ms)
			LoadAssemblies (33ms)
			RebuildTransferFunctionScriptingTraits (0ms)
			SetupTypeCache (226ms)
				TypeCache.Initialize (167ms)
					TypeCache.ScanAssembly (165ms)
				ResolveRequiredComponents (4ms)
		FinalizeReload (0ms)
			ReleaseScriptCaches (0ms)
			RebuildScriptCaches (0ms)
			SetupLoadedEditorAssemblies (324ms)
				LogAssemblyErrors (0ms)
				InitializePlatformSupportModulesInManaged (19ms)
				SetLoadedEditorAssemblies (6ms)
				RefreshPlugins (0ms)
				BeforeProcessingInitializeOnLoad (44ms)
				ProcessInitializeOnLoadAttributes (160ms)
				ProcessInitializeOnLoadMethodAttributes (95ms)
				AfterProcessingInitializeOnLoad (1ms)
				EditorAssembliesLoaded (0ms)
			ExecutionOrderSort2 (0ms)
			AwakeInstancesAfterBackupRestoration (3ms)
Refreshing native plugins compatible for Editor in 4.08 ms, found 2 plugins.
Preloading 0 native plugins for Editor in 0.00 ms.
Unloading 2997 Unused Serialized files (Serialized files now loaded: 0)
Unloading 63 unused Assets / (468.5 KB). Loaded Objects now: 3648.
Memory consumption went from 0.71 GB to 0.71 GB.
Total: 6.088375 ms (FindLiveObjects: 0.132500 ms CreateObjectMapping: 0.040458 ms MarkObjects: 5.606417 ms  DeleteObjects: 0.308208 ms)

AssetImportParameters requested are different than current active one (requested -> active):
  custom:video-decoder-webm-vp8: 9c59270c3fd7afecdb556c50c9e8de78 -> 
  custom:container-demuxer-ogg: 62fdf1f143b41e24485cea50d1cbac27 -> 
  custom:AudioImporter_EditorPlatform: 3918e3fc78b5a79bad01e8451be0beb8 -> 
  custom:video-decoder-ogg-theora: a1e56fd34408186e4bbccfd4996cb3dc -> 
  custom:framework-osx-AVFoundation: e770b220cccbd017edd2c1fefb359320 -> 
  custom:video-encoder-webm-vp8: eb34c28f22e8b96e1ab97ce403110664 -> 
  custom:audio-decoder-ogg-vorbis: bf7c407c2cedff20999df2af8eb42d56 -> 
  custom:container-demuxer-webm: 4f35f7cbe854078d1ac9338744f61a02 -> 
  custom:audio-encoder-webm-vorbis: bf7c407c2cedff20999df2af8eb42d56 -> 
  custom:container-muxer-webm: aa71ff27fc2769a1b78a27578f13a17b -> 
========================================================================
Received Prepare
Refreshing native plugins compatible for Editor in 3.51 ms, found 2 plugins.
Preloading 0 native plugins for Editor in 0.00 ms.
Unloading 6 Unused Serialized files (Serialized files now loaded: 0)
Unloading 6 unused Assets / (466.4 KB). Loaded Objects now: 3648.
Memory consumption went from 318.6 MB to 318.2 MB.
Total: 6.312959 ms (FindLiveObjects: 0.170417 ms CreateObjectMapping: 0.059416 ms MarkObjects: 5.774917 ms  DeleteObjects: 0.307584 ms)

AssetImportParameters requested are different than current active one (requested -> active):
  custom:video-decoder-webm-vp8: 9c59270c3fd7afecdb556c50c9e8de78 -> 
  custom:container-demuxer-ogg: 62fdf1f143b41e24485cea50d1cbac27 -> 
  custom:AudioImporter_EditorPlatform: 3918e3fc78b5a79bad01e8451be0beb8 -> 
  custom:video-decoder-ogg-theora: a1e56fd34408186e4bbccfd4996cb3dc -> 
  custom:framework-osx-AVFoundation: e770b220cccbd017edd2c1fefb359320 -> 
  custom:video-encoder-webm-vp8: eb34c28f22e8b96e1ab97ce403110664 -> 
  custom:audio-decoder-ogg-vorbis: bf7c407c2cedff20999df2af8eb42d56 -> 
  custom:container-demuxer-webm: 4f35f7cbe854078d1ac9338744f61a02 -> 
  custom:audio-encoder-webm-vorbis: bf7c407c2cedff20999df2af8eb42d56 -> 
  custom:container-muxer-webm: aa71ff27fc2769a1b78a27578f13a17b -> 
