Unity Editor version:    2022.2.1f1 (4fead5835099)
Branch:                  2022.2/release
Build type:              Release
Batch mode:              YES
macOS version:           Version 13.4.1 (Build 22F82)
Darwin version:          22.5.0
Architecture:            arm64
Running under Rosetta:   NO
Available memory:        16384 MB
Using pre-set license
Pro License: YES

COMMAND LINE ARGUMENTS:
/Applications/Unity/Hub/Editor/2022.2.1f1/Unity.app/Contents/MacOS/Unity
-adb2
-batchMode
-noUpm
-name
AssetImportWorker1
-projectPath
/Users/hen/Documents/GitHub/Zombie_Runner_Project
-logFile
Logs/AssetImportWorker1.log
-srvPort
63062
Successfully changed project path to: /Users/hen/Documents/GitHub/Zombie_Runner_Project
/Users/hen/Documents/GitHub/Zombie_Runner_Project
[UnityMemory] Configuration Parameters - Can be set up in boot.config
    "memorysetup-bucket-allocator-granularity=16"
    "memorysetup-bucket-allocator-bucket-count=8"
    "memorysetup-bucket-allocator-block-size=33554432"
    "memorysetup-bucket-allocator-block-count=8"
    "memorysetup-main-allocator-block-size=16777216"
    "memorysetup-thread-allocator-block-size=16777216"
    "memorysetup-gfx-main-allocator-block-size=16777216"
    "memorysetup-gfx-thread-allocator-block-size=16777216"
    "memorysetup-cache-allocator-block-size=4194304"
    "memorysetup-typetree-allocator-block-size=2097152"
    "memorysetup-profiler-bucket-allocator-granularity=16"
    "memorysetup-profiler-bucket-allocator-bucket-count=8"
    "memorysetup-profiler-bucket-allocator-block-size=33554432"
    "memorysetup-profiler-bucket-allocator-block-count=8"
    "memorysetup-profiler-allocator-block-size=16777216"
    "memorysetup-profiler-editor-allocator-block-size=1048576"
    "memorysetup-temp-allocator-size-main=16777216"
    "memorysetup-job-temp-allocator-block-size=2097152"
    "memorysetup-job-temp-allocator-block-size-background=1048576"
    "memorysetup-job-temp-allocator-reduction-small-platforms=262144"
    "memorysetup-temp-allocator-size-background-worker=32768"
    "memorysetup-temp-allocator-size-job-worker=262144"
    "memorysetup-temp-allocator-size-preload-manager=33554432"
    "memorysetup-temp-allocator-size-nav-mesh-worker=65536"
    "memorysetup-temp-allocator-size-audio-worker=65536"
    "memorysetup-temp-allocator-size-cloud-worker=32768"
    "memorysetup-temp-allocator-size-gi-baking-worker=262144"
    "memorysetup-temp-allocator-size-gfx=262144"
Player connection [8349163008] Host "[IP] 192.168.5.157 [Port] 0 [Flags] 2 [Guid] 2536221839 [EditorId] 2536221839 [Version] 1048832 [Id] OSXEditor(0,Hens-MacBook-Air.local) [Debug] 1 [PackageName] OSXEditor [ProjectName] Editor" joined multi-casting on [225.0.0.222:54997]...

Player connection [8349163008] Host "[IP] 192.168.5.157 [Port] 0 [Flags] 2 [Guid] 2536221839 [EditorId] 2536221839 [Version] 1048832 [Id] OSXEditor(0,Hens-MacBook-Air.local) [Debug] 1 [PackageName] OSXEditor [ProjectName] Editor" joined alternative multi-casting on [225.0.0.222:34997]...

Refreshing native plugins compatible for Editor in 7.38 ms, found 2 plugins.
Preloading 0 native plugins for Editor in 0.00 ms.
Initialize engine version: 2022.2.1f1 (4fead5835099)
[Subsystems] Discovering subsystems at path /Applications/Unity/Hub/Editor/2022.2.1f1/Unity.app/Contents/Resources/UnitySubsystems
[Subsystems] Discovering subsystems at path /Users/hen/Documents/GitHub/Zombie_Runner_Project/Assets
GfxDevice: creating device client; threaded=0; jobified=0
 preferred device: Apple M1 (high power)
Metal devices available: 1
0: Apple M1 (high power)
Using device Apple M1 (high power)
Initializing Metal device caps: Apple M1
Initialize mono
Mono path[0] = '/Applications/Unity/Hub/Editor/2022.2.1f1/Unity.app/Contents/Managed'
Mono path[1] = '/Applications/Unity/Hub/Editor/2022.2.1f1/Unity.app/Contents/MonoBleedingEdge/lib/mono/unityjit-macos'
Mono config path = '/Applications/Unity/Hub/Editor/2022.2.1f1/Unity.app/Contents/MonoBleedingEdge/etc'
Using monoOptions --debugger-agent=transport=dt_socket,embedding=1,server=y,suspend=n,address=127.0.0.1:56085
Begin MonoManager ReloadAssembly
Registering precompiled unity dll's ...
Register platform support module: /Applications/Unity/Hub/Editor/2022.2.1f1/Unity.app/Contents/PlaybackEngines/MacStandaloneSupport/UnityEditor.OSXStandalone.Extensions.dll
Register platform support module: /Applications/Unity/Hub/Editor/2022.2.1f1/PlaybackEngines/WindowsStandaloneSupport/UnityEditor.WindowsStandalone.Extensions.dll
Registered in 0.001125 seconds.
- Loaded All Assemblies, in  0.191 seconds
Native extension for WindowsStandalone target not found
Native extension for OSXStandalone target not found
Mono: successfully reloaded assembly
- Finished resetting the current domain, in  0.152 seconds
Domain Reload Profiling:
	ReloadAssembly (104ms)
		BeginReloadAssembly (33ms)
			ExecutionOrderSort (0ms)
			DisableScriptedObjects (0ms)
			BackupInstance (0ms)
			ReleaseScriptingObjects (0ms)
			CreateAndSetChildDomain (0ms)
		LoadAllAssembliesAndSetupDomain (0ms)
			LoadAssemblies (33ms)
			RebuildTransferFunctionScriptingTraits (0ms)
			SetupTypeCache (86ms)
				TypeCache.Initialize (85ms)
					TypeCache.ScanAssembly (84ms)
				ResolveRequiredComponents (0ms)
		FinalizeReload (0ms)
			ReleaseScriptCaches (0ms)
			RebuildScriptCaches (0ms)
			SetupLoadedEditorAssemblies (114ms)
				LogAssemblyErrors (0ms)
				InitializePlatformSupportModulesInManaged (5ms)
				SetLoadedEditorAssemblies (4ms)
				RefreshPlugins (0ms)
				BeforeProcessingInitializeOnLoad (1ms)
				ProcessInitializeOnLoadAttributes (78ms)
				ProcessInitializeOnLoadMethodAttributes (27ms)
				AfterProcessingInitializeOnLoad (0ms)
				EditorAssembliesLoaded (0ms)
			ExecutionOrderSort2 (0ms)
			AwakeInstancesAfterBackupRestoration (0ms)
========================================================================
Worker process is ready to serve import requests
Begin MonoManager ReloadAssembly
- Loaded All Assemblies, in  0.378 seconds
Refreshing native plugins compatible for Editor in 2.82 ms, found 2 plugins.
Native extension for WindowsStandalone target not found
Native extension for OSXStandalone target not found
Package Manager log level set to [2]
[Package Manager] Server::EnsureServerProcessIsRunning -- launch failed, reason: Unity was launched with the -noUpm command-line argument
[Package Manager] UpmClient::Send -- Unable to send message (not connected to UPM process).
[Package Manager] Cannot connect to Unity Package Manager local server
[Package Manager] Server::EnsureServerProcessIsRunning -- launch failed, reason: Unity was launched with the -noUpm command-line argument
[Package Manager] UpmClient::Send -- Unable to send message (not connected to UPM process).
[Package Manager] Cannot connect to Unity Package Manager local server
Mono: successfully reloaded assembly
- Finished resetting the current domain, in  0.404 seconds
Domain Reload Profiling:
	ReloadAssembly (131ms)
		BeginReloadAssembly (70ms)
			ExecutionOrderSort (0ms)
			DisableScriptedObjects (4ms)
			BackupInstance (0ms)
			ReleaseScriptingObjects (0ms)
			CreateAndSetChildDomain (19ms)
		LoadAllAssembliesAndSetupDomain (246ms)
			LoadAssemblies (62ms)
			RebuildTransferFunctionScriptingTraits (0ms)
			SetupTypeCache (208ms)
				TypeCache.Initialize (148ms)
					TypeCache.ScanAssembly (146ms)
				ResolveRequiredComponents (3ms)
		FinalizeReload (0ms)
			ReleaseScriptCaches (0ms)
			RebuildScriptCaches (0ms)
			SetupLoadedEditorAssemblies (307ms)
				LogAssemblyErrors (0ms)
				InitializePlatformSupportModulesInManaged (3ms)
				SetLoadedEditorAssemblies (4ms)
				RefreshPlugins (0ms)
				BeforeProcessingInitializeOnLoad (30ms)
				ProcessInitializeOnLoadAttributes (180ms)
				ProcessInitializeOnLoadMethodAttributes (89ms)
				AfterProcessingInitializeOnLoad (1ms)
				EditorAssembliesLoaded (0ms)
			ExecutionOrderSort2 (0ms)
			AwakeInstancesAfterBackupRestoration (2ms)
Launching external process: /Applications/Unity/Hub/Editor/2022.2.1f1/Unity.app/Contents/Tools/UnityShaderCompiler
Launched and connected shader compiler UnityShaderCompiler after 0.05 seconds
Refreshing native plugins compatible for Editor in 2.95 ms, found 2 plugins.
Preloading 0 native plugins for Editor in 0.00 ms.
Unloading 3030 Unused Serialized files (Serialized files now loaded: 0)
Unloading 118 unused Assets / (5.9 MB). Loaded Objects now: 3564.
Memory consumption went from 489.5 MB to 483.6 MB.
Total: 7.609125 ms (FindLiveObjects: 0.165792 ms CreateObjectMapping: 0.043041 ms MarkObjects: 5.609875 ms  DeleteObjects: 1.789333 ms)

AssetImportParameters requested are different than current active one (requested -> active):
  custom:video-decoder-webm-vp8: 9c59270c3fd7afecdb556c50c9e8de78 -> 
  custom:container-demuxer-ogg: 62fdf1f143b41e24485cea50d1cbac27 -> 
  custom:AudioImporter_EditorPlatform: 3918e3fc78b5a79bad01e8451be0beb8 -> 
  custom:video-decoder-ogg-theora: a1e56fd34408186e4bbccfd4996cb3dc -> 
  custom:framework-osx-AVFoundation: e770b220cccbd017edd2c1fefb359320 -> 
  custom:video-encoder-webm-vp8: eb34c28f22e8b96e1ab97ce403110664 -> 
  custom:audio-decoder-ogg-vorbis: bf7c407c2cedff20999df2af8eb42d56 -> 
  custom:container-demuxer-webm: 4f35f7cbe854078d1ac9338744f61a02 -> 
  custom:audio-encoder-webm-vorbis: bf7c407c2cedff20999df2af8eb42d56 -> 
  custom:container-muxer-webm: aa71ff27fc2769a1b78a27578f13a17b -> 
========================================================================
Received Import Request.
  Time since last request: 509531.435855 seconds.
  path: Assets/EasyRoads3D/textures/editor/m_prefabs.png
  artifactKey: Guid(ffc15be4bded7b34f9f406cde082a4a2) Importer(815301076,1909f56bfc062723c751e8b465ee728b)
Number of updated assets reloaded before import = 0
Start importing Assets/EasyRoads3D/textures/editor/m_prefabs.png using Guid(ffc15be4bded7b34f9f406cde082a4a2) Importer(815301076,1909f56bfc062723c751e8b465ee728b)  -> (artifact id: '5a29973059c2624e1f55a9faeee95d9c') in 0.446185 seconds 
Number of asset objects unloaded after import = 3
========================================================================
Received Import Request.
  Time since last request: 4.960069 seconds.
  path: Assets/Military target/LODs/lod1.fbx
  artifactKey: Guid(ca77aedc49f7bd445b49acc89b90ac1a) Importer(815301076,1909f56bfc062723c751e8b465ee728b)
Number of updated assets reloaded before import = 0
Start importing Assets/Military target/LODs/lod1.fbx using Guid(ca77aedc49f7bd445b49acc89b90ac1a) Importer(815301076,1909f56bfc062723c751e8b465ee728b)  -> (artifact id: 'fea3ec62828390f7807abcb039f2e3af') in 0.469625 seconds 
Number of asset objects unloaded after import = 9
========================================================================
Received Import Request.
  Time since last request: 0.000194 seconds.
  path: Assets/Military target/LODs/lod3.fbx
  artifactKey: Guid(165f2d49c11cd18479a63e85868bd142) Importer(815301076,1909f56bfc062723c751e8b465ee728b)
Number of updated assets reloaded before import = 0
Start importing Assets/Military target/LODs/lod3.fbx using Guid(165f2d49c11cd18479a63e85868bd142) Importer(815301076,1909f56bfc062723c751e8b465ee728b)  -> (artifact id: '7de4d7985127e9976971269f3a7d9db0') in 0.012405 seconds 
Number of asset objects unloaded after import = 9
========================================================================
Received Import Request.
  Time since last request: 4.922205 seconds.
  path: Assets/Military target/Render/in_unity2.png
  artifactKey: Guid(a4d51a44d9da35343b0cacc3a1d7bb81) Importer(815301076,1909f56bfc062723c751e8b465ee728b)
Number of updated assets reloaded before import = 0
Start importing Assets/Military target/Render/in_unity2.png using Guid(a4d51a44d9da35343b0cacc3a1d7bb81) Importer(815301076,1909f56bfc062723c751e8b465ee728b)  -> (artifact id: 'aaaf63393f37162ec57fcc3069e09ab1') in 0.010397 seconds 
Number of asset objects unloaded after import = 2
========================================================================
Received Import Request.
  Time since last request: 0.000095 seconds.
  path: Assets/Military target/Render/render_1200_x_630.png
  artifactKey: Guid(5805b18f54a4cf74c9e4b894f842f355) Importer(815301076,1909f56bfc062723c751e8b465ee728b)
Number of updated assets reloaded before import = 0
Start importing Assets/Military target/Render/render_1200_x_630.png using Guid(5805b18f54a4cf74c9e4b894f842f355) Importer(815301076,1909f56bfc062723c751e8b465ee728b)  -> (artifact id: 'c5c3540acc0e4c76d916533e7b68a04f') in 0.006482 seconds 
Number of asset objects unloaded after import = 2
========================================================================
Received Import Request.
  Time since last request: 0.000056 seconds.
  path: Assets/Military target/Render/screenshot011.png
  artifactKey: Guid(e50b28bb745a2334db7e7c0734cde8c3) Importer(815301076,1909f56bfc062723c751e8b465ee728b)
Number of updated assets reloaded before import = 0
Start importing Assets/Military target/Render/screenshot011.png using Guid(e50b28bb745a2334db7e7c0734cde8c3) Importer(815301076,1909f56bfc062723c751e8b465ee728b)  -> (artifact id: '80ab72c3d8a1fe99d4cd3c8682e1a246') in 0.006795 seconds 
Number of asset objects unloaded after import = 2
========================================================================
Received Import Request.
  Time since last request: 0.000067 seconds.
  path: Assets/Military target/Render/render_128_x_128.png
  artifactKey: Guid(0eb1b553c1d744d41b7d66aa7b5aedba) Importer(815301076,1909f56bfc062723c751e8b465ee728b)
Number of updated assets reloaded before import = 0
Start importing Assets/Military target/Render/render_128_x_128.png using Guid(0eb1b553c1d744d41b7d66aa7b5aedba) Importer(815301076,1909f56bfc062723c751e8b465ee728b)  -> (artifact id: '4707ff96d385df52e4b93c154ce8a1d0') in 0.005349 seconds 
Number of asset objects unloaded after import = 2
========================================================================
Received Import Request.
  Time since last request: 0.000068 seconds.
  path: Assets/Military target/Render/screenshot005.png
  artifactKey: Guid(4a6d2fecada3a704ea3793ffb1b059e4) Importer(815301076,1909f56bfc062723c751e8b465ee728b)
Number of updated assets reloaded before import = 0
Start importing Assets/Military target/Render/screenshot005.png using Guid(4a6d2fecada3a704ea3793ffb1b059e4) Importer(815301076,1909f56bfc062723c751e8b465ee728b)  -> (artifact id: 'd9c1e281ce693951a8c68035405caf8a') in 0.006877 seconds 
Number of asset objects unloaded after import = 2
========================================================================
Received Import Request.
  Time since last request: 0.000061 seconds.
  path: Assets/Military target/Render/screenshot002.png
  artifactKey: Guid(6d4e8e224e2c8cc4486fb81fdadd361d) Importer(815301076,1909f56bfc062723c751e8b465ee728b)
Number of updated assets reloaded before import = 0
Start importing Assets/Military target/Render/screenshot002.png using Guid(6d4e8e224e2c8cc4486fb81fdadd361d) Importer(815301076,1909f56bfc062723c751e8b465ee728b)  -> (artifact id: 'ab1e2ca7f1aa301fcd571df24796c3ab') in 0.006442 seconds 
Number of asset objects unloaded after import = 2
========================================================================
Received Import Request.
  Time since last request: 0.000044 seconds.
  path: Assets/Military target/Render/screenshot003.png
  artifactKey: Guid(195dba2ec8649f745a585d3fb0452db5) Importer(815301076,1909f56bfc062723c751e8b465ee728b)
Number of updated assets reloaded before import = 0
Start importing Assets/Military target/Render/screenshot003.png using Guid(195dba2ec8649f745a585d3fb0452db5) Importer(815301076,1909f56bfc062723c751e8b465ee728b)  -> (artifact id: 'cc97a8a737d582222b1712d4646c8d17') in 0.008032 seconds 
Number of asset objects unloaded after import = 2
========================================================================
Received Import Request.
  Time since last request: 0.000062 seconds.
  path: Assets/Military target/Render/screenshot007.png
  artifactKey: Guid(148b51409821c4d4087b7ca06668ce4d) Importer(815301076,1909f56bfc062723c751e8b465ee728b)
Number of updated assets reloaded before import = 0
Start importing Assets/Military target/Render/screenshot007.png using Guid(148b51409821c4d4087b7ca06668ce4d) Importer(815301076,1909f56bfc062723c751e8b465ee728b)  -> (artifact id: 'b01be01c6e6627f5e2d05e76987c2f59') in 0.006301 seconds 
Number of asset objects unloaded after import = 2
========================================================================
Received Import Request.
  Time since last request: 0.000307 seconds.
  path: Assets/Military target/Render/screenshot004.png
  artifactKey: Guid(d366e2963180c8149a380f79fe1ad899) Importer(815301076,1909f56bfc062723c751e8b465ee728b)
Number of updated assets reloaded before import = 0
Start importing Assets/Military target/Render/screenshot004.png using Guid(d366e2963180c8149a380f79fe1ad899) Importer(815301076,1909f56bfc062723c751e8b465ee728b)  -> (artifact id: '2d9ae82a1e166af61c0487d6e4780495') in 0.004883 seconds 
Number of asset objects unloaded after import = 2
========================================================================
Received Import Request.
  Time since last request: 0.000044 seconds.
  path: Assets/Military target/Render/screenshot000.png
  artifactKey: Guid(65eefe19d291f314a87096bbadfb9fda) Importer(815301076,1909f56bfc062723c751e8b465ee728b)
Number of updated assets reloaded before import = 0
Start importing Assets/Military target/Render/screenshot000.png using Guid(65eefe19d291f314a87096bbadfb9fda) Importer(815301076,1909f56bfc062723c751e8b465ee728b)  -> (artifact id: '176dfbc8fd36e505545777821ffc25e5') in 0.005499 seconds 
Number of asset objects unloaded after import = 2
========================================================================
Received Import Request.
  Time since last request: 0.000047 seconds.
  path: Assets/Military target/Render/screenshot009.png
  artifactKey: Guid(323d1da93d56b5648bc0973fdf68d7f4) Importer(815301076,1909f56bfc062723c751e8b465ee728b)
Number of updated assets reloaded before import = 0
Start importing Assets/Military target/Render/screenshot009.png using Guid(323d1da93d56b5648bc0973fdf68d7f4) Importer(815301076,1909f56bfc062723c751e8b465ee728b)  -> (artifact id: '3a8e7cb83f5d920d65a3f9e3a28191a0') in 0.005688 seconds 
Number of asset objects unloaded after import = 2
========================================================================
Received Import Request.
  Time since last request: 0.001442 seconds.
  path: Assets/Military target/Render/screenshot012.png
  artifactKey: Guid(37026a09ce978034d9a18624ffa3262c) Importer(815301076,1909f56bfc062723c751e8b465ee728b)
Number of updated assets reloaded before import = 0
Start importing Assets/Military target/Render/screenshot012.png using Guid(37026a09ce978034d9a18624ffa3262c) Importer(815301076,1909f56bfc062723c751e8b465ee728b)  -> (artifact id: '9854536939c4531e443e1aeb750d1317') in 0.005657 seconds 
Number of asset objects unloaded after import = 2
========================================================================
Received Import Request.
  Time since last request: 0.043822 seconds.
  path: Assets/Military target/Textures/Mark_low_DefaultMaterial_Normal.png
  artifactKey: Guid(75de1b7d07c2ff842a0878e1afe82ed0) Importer(815301076,1909f56bfc062723c751e8b465ee728b)
Number of updated assets reloaded before import = 0
Start importing Assets/Military target/Textures/Mark_low_DefaultMaterial_Normal.png using Guid(75de1b7d07c2ff842a0878e1afe82ed0) Importer(815301076,1909f56bfc062723c751e8b465ee728b)  -> (artifact id: 'b28ff4d6bde8027d8dc5bcc27f13ea57') in 0.029796 seconds 
Number of asset objects unloaded after import = 2
Editor requested this worker to shutdown with reason: Scaling down because of idle timeout
TcpMessagingSession - receive error: operation aborted. errorcode: 89, details: Operation aborted.
AssetImportWorker is now disconnected from the server
Process exiting
